<?xml version="1.0" encoding="UTF-8"?>
<!-- Generated by org.testng.reporters.JUnitReportReporter -->
<testsuite hostname="DESKTOP-B31BPKL" failures="0" tests="1" name="script.TestClass1" time="7.202" errors="0" timestamp="25 Jul 2022 02:55:37 GMT" skipped="0">
  <testcase classname="script.TestClass1" name="testA" time="7.202"/>
</testsuite> <!-- script.TestClass1 -->
