<?xml version="1.0" encoding="UTF-8"?>
<!-- Generated by org.testng.reporters.JUnitReportReporter -->
<testsuite hostname="DESKTOP-B31BPKL" failures="0" tests="1" name="script.ValidLogin" time="23.879" errors="0" timestamp="26 Jul 2022 03:47:09 GMT" skipped="0">
  <testcase classname="script.ValidLogin" name="testValidLogin" time="23.879"/>
</testsuite> <!-- script.ValidLogin -->
