<?xml version="1.0" encoding="UTF-8"?>
<!-- Generated by org.testng.reporters.JUnitReportReporter -->
<testsuite hostname="DESKTOP-B31BPKL" failures="0" tests="1" name="script.InvalidLogin" time="17.044" errors="0" timestamp="29 Jul 2022 02:25:41 GMT" skipped="0">
  <testcase classname="script.InvalidLogin" name="testInvalidLogin" time="17.044"/>
</testsuite> <!-- script.InvalidLogin -->
